# JRE version: Java(TM) SE Runtime Environment (8.0_112-b15) (build 1.8.0_112-b15)
# Java VM: Java HotSpot(TM) 64-Bit Server VM (25.112-b15 mixed mode windows-amd64 compressed oops)
Heap:
 PSYoungGen      total 668160K, used 259981K [0x00000000d6100000, 0x00000000ffd80000, 0x0000000100000000)
  eden space 653824K, 38% used [0x00000000d6100000,0x00000000e583f858,0x00000000fdf80000)
  from space 14336K, 47% used [0x00000000fef80000,0x00000000ff623d38,0x00000000ffd80000)
  to   space 15360K, 0% used [0x00000000fdf80000,0x00000000fdf80000,0x00000000fee80000)
 ParOldGen       total 83968K, used 43965K [0x0000000082200000, 0x0000000087400000, 0x00000000d6100000)
  object space 83968K, 52% used [0x0000000082200000,0x0000000084cef4e8,0x0000000087400000)
 Metaspace       used 42413K, capacity 42982K, committed 43264K, reserved 1087488K
  class space    used 5391K, capacity 5528K, committed 5632K, reserved 1048576K
GC Heap History (10 events):
Event: 20.170 GC heap before
{Heap before GC invocations=18 (full 2):
 PSYoungGen      total 410112K, used 400896K [0x00000000d6100000, 0x00000000f8800000, 0x0000000100000000)
  eden space 400896K, 100% used [0x00000000d6100000,0x00000000ee880000,0x00000000ee880000)
  from space 9216K, 0% used [0x00000000ee880000,0x00000000ee880000,0x00000000ef180000)
  to   space 8704K, 0% used [0x00000000f7f80000,0x00000000f7f80000,0x00000000f8800000)
 ParOldGen       total 83968K, used 19308K [0x0000000082200000, 0x0000000087400000, 0x00000000d6100000)
  object space 83968K, 22% used [0x0000000082200000,0x00000000834db228,0x0000000087400000)
 Metaspace       used 36635K, capacity 37196K, committed 37464K, reserved 1081344K
  class space    used 4664K, capacity 4783K, committed 4864K, reserved 1048576K
Event: 20.647 GC heap after
Heap after GC invocations=18 (full 2):
 PSYoungGen      total 555008K, used 7026K [0x00000000d6100000, 0x00000000fa680000, 0x0000000100000000)
  eden space 546304K, 0% used [0x00000000d6100000,0x00000000d6100000,0x00000000f7680000)
  from space 8704K, 80% used [0x00000000f7f80000,0x00000000f865c808,0x00000000f8800000)
  to   space 9216K, 0% used [0x00000000f7680000,0x00000000f7680000,0x00000000f7f80000)
 ParOldGen       total 83968K, used 19316K [0x0000000082200000, 0x0000000087400000, 0x00000000d6100000)
  object space 83968K, 23% used [0x0000000082200000,0x00000000834dd228,0x0000000087400000)
 Metaspace       used 36635K, capacity 37196K, committed 37464K, reserved 1081344K
  class space    used 4664K, capacity 4783K, committed 4864K, reserved 1048576K
}
Event: 26.962 GC heap before
{Heap before GC invocations=19 (full 2):
 PSYoungGen      total 555008K, used 553330K [0x00000000d6100000, 0x00000000fa680000, 0x0000000100000000)
  eden space 546304K, 100% used [0x00000000d6100000,0x00000000f7680000,0x00000000f7680000)
  from space 8704K, 80% used [0x00000000f7f80000,0x00000000f865c808,0x00000000f8800000)
  to   space 9216K, 0% used [0x00000000f7680000,0x00000000f7680000,0x00000000f7f80000)
 ParOldGen       total 83968K, used 19316K [0x0000000082200000, 0x0000000087400000, 0x00000000d6100000)
  object space 83968K, 23% used [0x0000000082200000,0x00000000834dd228,0x0000000087400000)
 Metaspace       used 39986K, capacity 40498K, committed 40832K, reserved 1085440K
  class space    used 5071K, capacity 5200K, committed 5248K, reserved 1048576K
Event: 27.517 GC heap after
Heap after GC invocations=19 (full 2):
 PSYoungGen      total 555520K, used 9195K [0x00000000d6100000, 0x0000000100000000, 0x0000000100000000)
  eden space 546304K, 0% used [0x00000000d6100000,0x00000000d6100000,0x00000000f7680000)
  from space 9216K, 99% used [0x00000000f7680000,0x00000000f7f7ae78,0x00000000f7f80000)
  to   space 16384K, 0% used [0x00000000ff000000,0x00000000ff000000,0x0000000100000000)
 ParOldGen       total 83968K, used 34179K [0x0000000082200000, 0x0000000087400000, 0x00000000d6100000)
  object space 83968K, 40% used [0x0000000082200000,0x0000000084360df8,0x0000000087400000)
 Metaspace       used 39986K, capacity 40498K, committed 40832K, reserved 1085440K
  class space    used 5071K, capacity 5200K, committed 5248K, reserved 1048576K
}
Event: 29.692 GC heap before
{Heap before GC invocations=20 (full 2):
 PSYoungGen      total 555520K, used 555499K [0x00000000d6100000, 0x0000000100000000, 0x0000000100000000)
  eden space 546304K, 100% used [0x00000000d6100000,0x00000000f7680000,0x00000000f7680000)
  from space 9216K, 99% used [0x00000000f7680000,0x00000000f7f7ae78,0x00000000f7f80000)
  to   space 16384K, 0% used [0x00000000ff000000,0x00000000ff000000,0x0000000100000000)
 ParOldGen       total 83968K, used 34179K [0x0000000082200000, 0x0000000087400000, 0x00000000d6100000)
  object space 83968K, 40% used [0x0000000082200000,0x0000000084360df8,0x0000000087400000)
 Metaspace       used 40389K, capacity 40884K, committed 41088K, reserved 1085440K
  class space    used 5118K, capacity 5237K, committed 5248K, reserved 1048576K
Event: 29.736 GC heap after
Heap after GC invocations=20 (full 2):
 PSYoungGen      total 669696K, used 10815K [0x00000000d6100000, 0x0000000100000000, 0x0000000100000000)
  eden space 653312K, 0% used [0x00000000d6100000,0x00000000d6100000,0x00000000fdf00000)
  from space 16384K, 66% used [0x00000000ff000000,0x00000000ffa8fd50,0x0000000100000000)
  to   space 16896K, 0% used [0x00000000fdf00000,0x00000000fdf00000,0x00000000fef80000)
 ParOldGen       total 83968K, used 40661K [0x0000000082200000, 0x0000000087400000, 0x00000000d6100000)
  object space 83968K, 48% used [0x0000000082200000,0x00000000849b5618,0x0000000087400000)
 Metaspace       used 40389K, capacity 40884K, committed 41088K, reserved 1085440K
  class space    used 5118K, capacity 5237K, committed 5248K, reserved 1048576K
}
Event: 33.238 GC heap before
{Heap before GC invocations=21 (full 2):
 PSYoungGen      total 669696K, used 664127K [0x00000000d6100000, 0x0000000100000000, 0x0000000100000000)
  eden space 653312K, 100% used [0x00000000d6100000,0x00000000fdf00000,0x00000000fdf00000)
  from space 16384K, 66% used [0x00000000ff000000,0x00000000ffa8fd50,0x0000000100000000)
  to   space 16896K, 0% used [0x00000000fdf00000,0x00000000fdf00000,0x00000000fef80000)
 ParOldGen       total 83968K, used 40661K [0x0000000082200000, 0x0000000087400000, 0x00000000d6100000)
  object space 83968K, 48% used [0x0000000082200000,0x00000000849b5618,0x0000000087400000)
 Metaspace       used 41646K, capacity 42240K, committed 42624K, reserved 1087488K
  class space    used 5289K, capacity 5431K, committed 5504K, reserved 1048576K
Event: 33.264 GC heap after
Heap after GC invocations=21 (full 2):
 PSYoungGen      total 670208K, used 5194K [0x00000000d6100000, 0x00000000fff80000, 0x0000000100000000)
  eden space 653312K, 0% used [0x00000000d6100000,0x00000000d6100000,0x00000000fdf00000)
  from space 16896K, 30% used [0x00000000fdf00000,0x00000000fe412bc0,0x00000000fef80000)
  to   space 16384K, 0% used [0x00000000fef80000,0x00000000fef80000,0x00000000fff80000)
 ParOldGen       total 83968K, used 42357K [0x0000000082200000, 0x0000000087400000, 0x00000000d6100000)
  object space 83968K, 50% used [0x0000000082200000,0x0000000084b5d648,0x0000000087400000)
 Metaspace       used 41646K, capacity 42240K, committed 42624K, reserved 1087488K
  class space    used 5289K, capacity 5431K, committed 5504K, reserved 1048576K
}
Event: 35.697 GC heap before
{Heap before GC invocations=22 (full 2):
 PSYoungGen      total 670208K, used 658506K [0x00000000d6100000, 0x00000000fff80000, 0x0000000100000000)
  eden space 653312K, 100% used [0x00000000d6100000,0x00000000fdf00000,0x00000000fdf00000)
  from space 16896K, 30% used [0x00000000fdf00000,0x00000000fe412bc0,0x00000000fef80000)
  to   space 16384K, 0% used [0x00000000fef80000,0x00000000fef80000,0x00000000fff80000)
 ParOldGen       total 83968K, used 42357K [0x0000000082200000, 0x0000000087400000, 0x00000000d6100000)
  object space 83968K, 50% used [0x0000000082200000,0x0000000084b5d648,0x0000000087400000)
 Metaspace       used 42300K, capacity 42822K, committed 43136K, reserved 1087488K
  class space    used 5377K, capacity 5496K, committed 5504K, reserved 1048576K
Event: 35.717 GC heap after
Heap after GC invocations=22 (full 2):
 PSYoungGen      total 668160K, used 6799K [0x00000000d6100000, 0x00000000ffd80000, 0x0000000100000000)
  eden space 653824K, 0% used [0x00000000d6100000,0x00000000d6100000,0x00000000fdf80000)
  from space 14336K, 47% used [0x00000000fef80000,0x00000000ff623d38,0x00000000ffd80000)
  to   space 15360K, 0% used [0x00000000fdf80000,0x00000000fdf80000,0x00000000fee80000)
 ParOldGen       total 83968K, used 43965K [0x0000000082200000, 0x0000000087400000, 0x00000000d6100000)
  object space 83968K, 52% used [0x0000000082200000,0x0000000084cef4e8,0x0000000087400000)
 Metaspace       used 42300K, capacity 42822K, committed 43136K, reserved 1087488K
  class space    used 5377K, capacity 5496K, committed 5504K, reserved 1048576K
}

