# JRE version: Java(TM) SE Runtime Environment (8.0_112-b15) (build 1.8.0_112-b15)
# Java VM: Java HotSpot(TM) 64-Bit Server VM (25.112-b15 mixed mode windows-amd64 compressed oops)
Heap:
 PSYoungGen      total 667648K, used 608338K [0x00000000d6100000, 0x0000000100000000, 0x0000000100000000)
  eden space 652288K, 90% used [0x00000000d6100000,0x00000000fa427da0,0x00000000fde00000)
  from space 15360K, 99% used [0x00000000fde00000,0x00000000fececaa0,0x00000000fed00000)
  to   space 19456K, 0% used [0x00000000fed00000,0x00000000fed00000,0x0000000100000000)
 ParOldGen       total 85504K, used 40932K [0x0000000082200000, 0x0000000087580000, 0x00000000d6100000)
  object space 85504K, 47% used [0x0000000082200000,0x00000000849f9320,0x0000000087580000)
 Metaspace       used 56039K, capacity 56915K, committed 57088K, reserved 1099776K
  class space    used 7111K, capacity 7297K, committed 7424K, reserved 1048576K
GC Heap History (10 events):
Event: 13.209 GC heap before
{Heap before GC invocations=11 (full 1):
 PSYoungGen      total 525824K, used 446212K [0x00000000d6100000, 0x00000000fff80000, 0x0000000100000000)
  eden space 517120K, 84% used [0x00000000d6100000,0x00000000f0c49090,0x00000000f5a00000)
  from space 8704K, 99% used [0x00000000f5a00000,0x00000000f6278078,0x00000000f6280000)
  to   space 10752K, 0% used [0x00000000ff500000,0x00000000ff500000,0x00000000fff80000)
 ParOldGen       total 47616K, used 7805K [0x0000000082200000, 0x0000000085080000, 0x00000000d6100000)
  object space 47616K, 16% used [0x0000000082200000,0x000000008299f448,0x0000000085080000)
 Metaspace       used 34877K, capacity 35274K, committed 35496K, reserved 1081344K
  class space    used 4430K, capacity 4558K, committed 4608K, reserved 1048576K
Event: 13.270 GC heap after
Heap after GC invocations=11 (full 1):
 PSYoungGen      total 665088K, used 10740K [0x00000000d6100000, 0x0000000100000000, 0x0000000100000000)
  eden space 654336K, 0% used [0x00000000d6100000,0x00000000d6100000,0x00000000fe000000)
  from space 10752K, 99% used [0x00000000ff500000,0x00000000fff7d208,0x00000000fff80000)
  to   space 16384K, 0% used [0x00000000fe000000,0x00000000fe000000,0x00000000ff000000)
 ParOldGen       total 47616K, used 18890K [0x0000000082200000, 0x0000000085080000, 0x00000000d6100000)
  object space 47616K, 39% used [0x0000000082200000,0x0000000083472b78,0x0000000085080000)
 Metaspace       used 34877K, capacity 35274K, committed 35496K, reserved 1081344K
  class space    used 4430K, capacity 4558K, committed 4608K, reserved 1048576K
}
Event: 13.270 GC heap before
{Heap before GC invocations=12 (full 2):
 PSYoungGen      total 665088K, used 10740K [0x00000000d6100000, 0x0000000100000000, 0x0000000100000000)
  eden space 654336K, 0% used [0x00000000d6100000,0x00000000d6100000,0x00000000fe000000)
  from space 10752K, 99% used [0x00000000ff500000,0x00000000fff7d208,0x00000000fff80000)
  to   space 16384K, 0% used [0x00000000fe000000,0x00000000fe000000,0x00000000ff000000)
 ParOldGen       total 47616K, used 18890K [0x0000000082200000, 0x0000000085080000, 0x00000000d6100000)
  object space 47616K, 39% used [0x0000000082200000,0x0000000083472b78,0x0000000085080000)
 Metaspace       used 34877K, capacity 35274K, committed 35496K, reserved 1081344K
  class space    used 4430K, capacity 4558K, committed 4608K, reserved 1048576K
Event: 13.470 GC heap after
Heap after GC invocations=12 (full 2):
 PSYoungGen      total 665088K, used 0K [0x00000000d6100000, 0x0000000100000000, 0x0000000100000000)
  eden space 654336K, 0% used [0x00000000d6100000,0x00000000d6100000,0x00000000fe000000)
  from space 10752K, 0% used [0x00000000ff500000,0x00000000ff500000,0x00000000fff80000)
  to   space 16384K, 0% used [0x00000000fe000000,0x00000000fe000000,0x00000000ff000000)
 ParOldGen       total 85504K, used 26850K [0x0000000082200000, 0x0000000087580000, 0x00000000d6100000)
  object space 85504K, 31% used [0x0000000082200000,0x0000000083c38850,0x0000000087580000)
 Metaspace       used 34877K, capacity 35274K, committed 35496K, reserved 1081344K
  class space    used 4430K, capacity 4558K, committed 4608K, reserved 1048576K
}
Event: 17.938 GC heap before
{Heap before GC invocations=13 (full 2):
 PSYoungGen      total 665088K, used 654336K [0x00000000d6100000, 0x0000000100000000, 0x0000000100000000)
  eden space 654336K, 100% used [0x00000000d6100000,0x00000000fe000000,0x00000000fe000000)
  from space 10752K, 0% used [0x00000000ff500000,0x00000000ff500000,0x00000000fff80000)
  to   space 16384K, 0% used [0x00000000fe000000,0x00000000fe000000,0x00000000ff000000)
 ParOldGen       total 85504K, used 26850K [0x0000000082200000, 0x0000000087580000, 0x00000000d6100000)
  object space 85504K, 31% used [0x0000000082200000,0x0000000083c38850,0x0000000087580000)
 Metaspace       used 40961K, capacity 41444K, committed 41728K, reserved 1085440K
  class space    used 5363K, capacity 5517K, committed 5632K, reserved 1048576K
Event: 17.984 GC heap after
Heap after GC invocations=13 (full 2):
 PSYoungGen      total 666112K, used 11561K [0x00000000d6100000, 0x0000000100000000, 0x0000000100000000)
  eden space 654336K, 0% used [0x00000000d6100000,0x00000000d6100000,0x00000000fe000000)
  from space 11776K, 98% used [0x00000000fe000000,0x00000000feb4a570,0x00000000feb80000)
  to   space 16896K, 0% used [0x00000000fef80000,0x00000000fef80000,0x0000000100000000)
 ParOldGen       total 85504K, used 26858K [0x0000000082200000, 0x0000000087580000, 0x00000000d6100000)
  object space 85504K, 31% used [0x0000000082200000,0x0000000083c3a850,0x0000000087580000)
 Metaspace       used 40961K, capacity 41444K, committed 41728K, reserved 1085440K
  class space    used 5363K, capacity 5517K, committed 5632K, reserved 1048576K
}
Event: 29.122 GC heap before
{Heap before GC invocations=14 (full 2):
 PSYoungGen      total 666112K, used 665897K [0x00000000d6100000, 0x0000000100000000, 0x0000000100000000)
  eden space 654336K, 100% used [0x00000000d6100000,0x00000000fe000000,0x00000000fe000000)
  from space 11776K, 98% used [0x00000000fe000000,0x00000000feb4a570,0x00000000feb80000)
  to   space 16896K, 0% used [0x00000000fef80000,0x00000000fef80000,0x0000000100000000)
 ParOldGen       total 85504K, used 26858K [0x0000000082200000, 0x0000000087580000, 0x00000000d6100000)
  object space 85504K, 31% used [0x0000000082200000,0x0000000083c3a850,0x0000000087580000)
 Metaspace       used 49189K, capacity 49968K, committed 50176K, reserved 1093632K
  class space    used 6423K, capacity 6610K, committed 6656K, reserved 1048576K
Event: 29.177 GC heap after
Heap after GC invocations=14 (full 2):
 PSYoungGen      total 669184K, used 11728K [0x00000000d6100000, 0x0000000100000000, 0x0000000100000000)
  eden space 652288K, 0% used [0x00000000d6100000,0x00000000d6100000,0x00000000fde00000)
  from space 16896K, 69% used [0x00000000fef80000,0x00000000ffaf4048,0x0000000100000000)
  to   space 17408K, 0% used [0x00000000fde00000,0x00000000fde00000,0x00000000fef00000)
 ParOldGen       total 85504K, used 33513K [0x0000000082200000, 0x0000000087580000, 0x00000000d6100000)
  object space 85504K, 39% used [0x0000000082200000,0x00000000842ba740,0x0000000087580000)
 Metaspace       used 49189K, capacity 49968K, committed 50176K, reserved 1093632K
  class space    used 6423K, capacity 6610K, committed 6656K, reserved 1048576K
}
Event: 624.628 GC heap before
{Heap before GC invocations=15 (full 2):
 PSYoungGen      total 669184K, used 664016K [0x00000000d6100000, 0x0000000100000000, 0x0000000100000000)
  eden space 652288K, 100% used [0x00000000d6100000,0x00000000fde00000,0x00000000fde00000)
  from space 16896K, 69% used [0x00000000fef80000,0x00000000ffaf4048,0x0000000100000000)
  to   space 17408K, 0% used [0x00000000fde00000,0x00000000fde00000,0x00000000fef00000)
 ParOldGen       total 85504K, used 33513K [0x0000000082200000, 0x0000000087580000, 0x00000000d6100000)
  object space 85504K, 39% used [0x0000000082200000,0x00000000842ba740,0x0000000087580000)
 Metaspace       used 55626K, capacity 56531K, committed 56832K, reserved 1099776K
  class space    used 7109K, capacity 7297K, committed 7424K, reserved 1048576K
Event: 624.668 GC heap after
Heap after GC invocations=15 (full 2):
 PSYoungGen      total 667648K, used 15282K [0x00000000d6100000, 0x0000000100000000, 0x0000000100000000)
  eden space 652288K, 0% used [0x00000000d6100000,0x00000000d6100000,0x00000000fde00000)
  from space 15360K, 99% used [0x00000000fde00000,0x00000000fececaa0,0x00000000fed00000)
  to   space 19456K, 0% used [0x00000000fed00000,0x00000000fed00000,0x0000000100000000)
 ParOldGen       total 85504K, used 40932K [0x0000000082200000, 0x0000000087580000, 0x00000000d6100000)
  object space 85504K, 47% used [0x0000000082200000,0x00000000849f9320,0x0000000087580000)
 Metaspace       used 55626K, capacity 56531K, committed 56832K, reserved 1099776K
  class space    used 7109K, capacity 7297K, committed 7424K, reserved 1048576K
}

