# JRE version: Java(TM) SE Runtime Environment (8.0_112-b15) (build 1.8.0_112-b15)
# Java VM: Java HotSpot(TM) 64-Bit Server VM (25.112-b15 mixed mode windows-amd64 compressed oops)
Heap:
 PSYoungGen      total 661504K, used 512460K [0x00000000d6100000, 0x0000000100000000, 0x0000000100000000)
  eden space 647168K, 79% used [0x00000000d6100000,0x00000000f55731e8,0x00000000fd900000)
  from space 14336K, 0% used [0x00000000fd900000,0x00000000fd900000,0x00000000fe700000)
  to   space 15360K, 0% used [0x00000000ff100000,0x00000000ff100000,0x0000000100000000)
 ParOldGen       total 131584K, used 45664K [0x0000000082200000, 0x000000008a280000, 0x00000000d6100000)
  object space 131584K, 34% used [0x0000000082200000,0x0000000084e982c8,0x000000008a280000)
 Metaspace       used 63723K, capacity 64722K, committed 65024K, reserved 1105920K
  class space    used 7969K, capacity 8181K, committed 8192K, reserved 1048576K
GC Heap History (10 events):
Event: 23.942 GC heap before
{Heap before GC invocations=20 (full 2):
 PSYoungGen      total 430592K, used 430589K [0x00000000d6100000, 0x00000000f7a80000, 0x0000000100000000)
  eden space 420864K, 100% used [0x00000000d6100000,0x00000000efc00000,0x00000000efc00000)
  from space 9728K, 99% used [0x00000000efc00000,0x00000000f057f430,0x00000000f0580000)
  to   space 11264K, 0% used [0x00000000f6f80000,0x00000000f6f80000,0x00000000f7a80000)
 ParOldGen       total 89088K, used 22775K [0x0000000082200000, 0x0000000087900000, 0x00000000d6100000)
  object space 89088K, 25% used [0x0000000082200000,0x000000008383dd50,0x0000000087900000)
 Metaspace       used 41059K, capacity 41570K, committed 41856K, reserved 1085440K
  class space    used 5316K, capacity 5452K, committed 5504K, reserved 1048576K
Event: 24.085 GC heap after
Heap after GC invocations=20 (full 2):
 PSYoungGen      total 539648K, used 4581K [0x00000000d6100000, 0x00000000f7d00000, 0x0000000100000000)
  eden space 528384K, 0% used [0x00000000d6100000,0x00000000d6100000,0x00000000f6500000)
  from space 11264K, 40% used [0x00000000f6f80000,0x00000000f73f95a0,0x00000000f7a80000)
  to   space 10752K, 0% used [0x00000000f6500000,0x00000000f6500000,0x00000000f6f80000)
 ParOldGen       total 89088K, used 29756K [0x0000000082200000, 0x0000000087900000, 0x00000000d6100000)
  object space 89088K, 33% used [0x0000000082200000,0x0000000083f0f370,0x0000000087900000)
 Metaspace       used 41059K, capacity 41570K, committed 41856K, reserved 1085440K
  class space    used 5316K, capacity 5452K, committed 5504K, reserved 1048576K
}
Event: 29.818 GC heap before
{Heap before GC invocations=21 (full 2):
 PSYoungGen      total 539648K, used 532965K [0x00000000d6100000, 0x00000000f7d00000, 0x0000000100000000)
  eden space 528384K, 100% used [0x00000000d6100000,0x00000000f6500000,0x00000000f6500000)
  from space 11264K, 40% used [0x00000000f6f80000,0x00000000f73f95a0,0x00000000f7a80000)
  to   space 10752K, 0% used [0x00000000f6500000,0x00000000f6500000,0x00000000f6f80000)
 ParOldGen       total 89088K, used 29756K [0x0000000082200000, 0x0000000087900000, 0x00000000d6100000)
  object space 89088K, 33% used [0x0000000082200000,0x0000000083f0f370,0x0000000087900000)
 Metaspace       used 42930K, capacity 43538K, committed 43904K, reserved 1087488K
  class space    used 5568K, capacity 5700K, committed 5760K, reserved 1048576K
Event: 29.838 GC heap after
Heap after GC invocations=21 (full 2):
 PSYoungGen      total 539136K, used 6106K [0x00000000d6100000, 0x00000000ff500000, 0x0000000100000000)
  eden space 528384K, 0% used [0x00000000d6100000,0x00000000d6100000,0x00000000f6500000)
  from space 10752K, 56% used [0x00000000f6500000,0x00000000f6af68e8,0x00000000f6f80000)
  to   space 10752K, 0% used [0x00000000fea80000,0x00000000fea80000,0x00000000ff500000)
 ParOldGen       total 89088K, used 32836K [0x0000000082200000, 0x0000000087900000, 0x00000000d6100000)
  object space 89088K, 36% used [0x0000000082200000,0x0000000084211370,0x0000000087900000)
 Metaspace       used 42930K, capacity 43538K, committed 43904K, reserved 1087488K
  class space    used 5568K, capacity 5700K, committed 5760K, reserved 1048576K
}
Event: 40.350 GC heap before
{Heap before GC invocations=22 (full 2):
 PSYoungGen      total 539136K, used 534490K [0x00000000d6100000, 0x00000000ff500000, 0x0000000100000000)
  eden space 528384K, 100% used [0x00000000d6100000,0x00000000f6500000,0x00000000f6500000)
  from space 10752K, 56% used [0x00000000f6500000,0x00000000f6af68e8,0x00000000f6f80000)
  to   space 10752K, 0% used [0x00000000fea80000,0x00000000fea80000,0x00000000ff500000)
 ParOldGen       total 89088K, used 32836K [0x0000000082200000, 0x0000000087900000, 0x00000000d6100000)
  object space 89088K, 36% used [0x0000000082200000,0x0000000084211370,0x0000000087900000)
 Metaspace       used 50756K, capacity 51496K, committed 51712K, reserved 1093632K
  class space    used 6628K, capacity 6820K, committed 6912K, reserved 1048576K
Event: 40.376 GC heap after
Heap after GC invocations=22 (full 2):
 PSYoungGen      total 651776K, used 10749K [0x00000000d6100000, 0x00000000ff500000, 0x0000000100000000)
  eden space 641024K, 0% used [0x00000000d6100000,0x00000000d6100000,0x00000000fd300000)
  from space 10752K, 99% used [0x00000000fea80000,0x00000000ff4ff590,0x00000000ff500000)
  to   space 14336K, 0% used [0x00000000fd900000,0x00000000fd900000,0x00000000fe700000)
 ParOldGen       total 89088K, used 38084K [0x0000000082200000, 0x0000000087900000, 0x00000000d6100000)
  object space 89088K, 42% used [0x0000000082200000,0x0000000084731398,0x0000000087900000)
 Metaspace       used 50756K, capacity 51496K, committed 51712K, reserved 1093632K
  class space    used 6628K, capacity 6820K, committed 6912K, reserved 1048576K
}
Event: 520.724 GC heap before
{Heap before GC invocations=23 (full 2):
 PSYoungGen      total 651776K, used 501087K [0x00000000d6100000, 0x00000000ff500000, 0x0000000100000000)
  eden space 641024K, 76% used [0x00000000d6100000,0x00000000f3fd87c0,0x00000000fd300000)
  from space 10752K, 99% used [0x00000000fea80000,0x00000000ff4ff590,0x00000000ff500000)
  to   space 14336K, 0% used [0x00000000fd900000,0x00000000fd900000,0x00000000fe700000)
 ParOldGen       total 89088K, used 38084K [0x0000000082200000, 0x0000000087900000, 0x00000000d6100000)
  object space 89088K, 42% used [0x0000000082200000,0x0000000084731398,0x0000000087900000)
 Metaspace       used 58088K, capacity 58986K, committed 59160K, reserved 1101824K
  class space    used 7473K, capacity 7695K, committed 7808K, reserved 1048576K
Event: 521.201 GC heap after
Heap after GC invocations=23 (full 2):
 PSYoungGen      total 661504K, used 10755K [0x00000000d6100000, 0x0000000100000000, 0x0000000100000000)
  eden space 647168K, 0% used [0x00000000d6100000,0x00000000d6100000,0x00000000fd900000)
  from space 14336K, 75% used [0x00000000fd900000,0x00000000fe380ec8,0x00000000fe700000)
  to   space 15360K, 0% used [0x00000000ff100000,0x00000000ff100000,0x0000000100000000)
 ParOldGen       total 89088K, used 44028K [0x0000000082200000, 0x0000000087900000, 0x00000000d6100000)
  object space 89088K, 49% used [0x0000000082200000,0x0000000084cff370,0x0000000087900000)
 Metaspace       used 58088K, capacity 58986K, committed 59160K, reserved 1101824K
  class space    used 7473K, capacity 7695K, committed 7808K, reserved 1048576K
}
Event: 521.201 GC heap before
{Heap before GC invocations=24 (full 3):
 PSYoungGen      total 661504K, used 10755K [0x00000000d6100000, 0x0000000100000000, 0x0000000100000000)
  eden space 647168K, 0% used [0x00000000d6100000,0x00000000d6100000,0x00000000fd900000)
  from space 14336K, 75% used [0x00000000fd900000,0x00000000fe380ec8,0x00000000fe700000)
  to   space 15360K, 0% used [0x00000000ff100000,0x00000000ff100000,0x0000000100000000)
 ParOldGen       total 89088K, used 44028K [0x0000000082200000, 0x0000000087900000, 0x00000000d6100000)
  object space 89088K, 49% used [0x0000000082200000,0x0000000084cff370,0x0000000087900000)
 Metaspace       used 58088K, capacity 58986K, committed 59160K, reserved 1101824K
  class space    used 7473K, capacity 7695K, committed 7808K, reserved 1048576K
Event: 522.916 GC heap after
Heap after GC invocations=24 (full 3):
 PSYoungGen      total 661504K, used 0K [0x00000000d6100000, 0x0000000100000000, 0x0000000100000000)
  eden space 647168K, 0% used [0x00000000d6100000,0x00000000d6100000,0x00000000fd900000)
  from space 14336K, 0% used [0x00000000fd900000,0x00000000fd900000,0x00000000fe700000)
  to   space 15360K, 0% used [0x00000000ff100000,0x00000000ff100000,0x0000000100000000)
 ParOldGen       total 131584K, used 45664K [0x0000000082200000, 0x000000008a280000, 0x00000000d6100000)
  object space 131584K, 34% used [0x0000000082200000,0x0000000084e982c8,0x000000008a280000)
 Metaspace       used 58088K, capacity 58986K, committed 59160K, reserved 1101824K
  class space    used 7473K, capacity 7695K, committed 7808K, reserved 1048576K
}

